d:\onedrive\documents\software\anan\g7klj thetis\new_klj_wales\thetis-2.9.0\project files\lib\portaudio\build\msvc\x64\release\vc143.pdb
d:\onedrive\documents\software\anan\g7klj thetis\new_klj_wales\thetis-2.9.0\project files\lib\portaudio\build\msvc\x64\release\pa_win_waveformat.obj
d:\onedrive\documents\software\anan\g7klj thetis\new_klj_wales\thetis-2.9.0\project files\lib\portaudio\build\msvc\x64\release\pa_win_util.obj
d:\onedrive\documents\software\anan\g7klj thetis\new_klj_wales\thetis-2.9.0\project files\lib\portaudio\build\msvc\x64\release\pa_win_hostapis.obj
d:\onedrive\documents\software\anan\g7klj thetis\new_klj_wales\thetis-2.9.0\project files\lib\portaudio\build\msvc\x64\release\pa_win_coinitialize.obj
d:\onedrive\documents\software\anan\g7klj thetis\new_klj_wales\thetis-2.9.0\project files\lib\portaudio\build\msvc\x64\release\pa_win_wmme.obj
d:\onedrive\documents\software\anan\g7klj thetis\new_klj_wales\thetis-2.9.0\project files\lib\portaudio\build\msvc\x64\release\pa_win_wdmks.obj
d:\onedrive\documents\software\anan\g7klj thetis\new_klj_wales\thetis-2.9.0\project files\lib\portaudio\build\msvc\x64\release\pa_win_wasapi.obj
d:\onedrive\documents\software\anan\g7klj thetis\new_klj_wales\thetis-2.9.0\project files\lib\portaudio\build\msvc\x64\release\pa_hostapi_skeleton.obj
d:\onedrive\documents\software\anan\g7klj thetis\new_klj_wales\thetis-2.9.0\project files\lib\portaudio\build\msvc\x64\release\pa_win_ds_dynlink.obj
d:\onedrive\documents\software\anan\g7klj thetis\new_klj_wales\thetis-2.9.0\project files\lib\portaudio\build\msvc\x64\release\pa_win_ds.obj
d:\onedrive\documents\software\anan\g7klj thetis\new_klj_wales\thetis-2.9.0\project files\lib\portaudio\build\msvc\x64\release\pa_trace.obj
d:\onedrive\documents\software\anan\g7klj thetis\new_klj_wales\thetis-2.9.0\project files\lib\portaudio\build\msvc\x64\release\pa_stream.obj
d:\onedrive\documents\software\anan\g7klj thetis\new_klj_wales\thetis-2.9.0\project files\lib\portaudio\build\msvc\x64\release\pa_ringbuffer.obj
d:\onedrive\documents\software\anan\g7klj thetis\new_klj_wales\thetis-2.9.0\project files\lib\portaudio\build\msvc\x64\release\pa_process.obj
d:\onedrive\documents\software\anan\g7klj thetis\new_klj_wales\thetis-2.9.0\project files\lib\portaudio\build\msvc\x64\release\pa_front.obj
d:\onedrive\documents\software\anan\g7klj thetis\new_klj_wales\thetis-2.9.0\project files\lib\portaudio\build\msvc\x64\release\pa_dither.obj
d:\onedrive\documents\software\anan\g7klj thetis\new_klj_wales\thetis-2.9.0\project files\lib\portaudio\build\msvc\x64\release\pa_debugprint.obj
d:\onedrive\documents\software\anan\g7klj thetis\new_klj_wales\thetis-2.9.0\project files\lib\portaudio\build\msvc\x64\release\pa_cpuload.obj
d:\onedrive\documents\software\anan\g7klj thetis\new_klj_wales\thetis-2.9.0\project files\lib\portaudio\build\msvc\x64\release\pa_converters.obj
d:\onedrive\documents\software\anan\g7klj thetis\new_klj_wales\thetis-2.9.0\project files\lib\portaudio\build\msvc\x64\release\pa_allocation.obj
d:\onedrive\documents\software\anan\g7klj thetis\new_klj_wales\thetis-2.9.0\project files\lib\portaudio\build\msvc\x64\release\pa_x86_plain_converters.obj
d:\onedrive\documents\software\anan\g7klj thetis\new_klj_wales\thetis-2.9.0\project files\lib\portaudio\build\msvc\x64\release\pa_win_wdmks_utils.obj
d:\onedrive\documents\software\anan\g7klj thetis\new_klj_wales\thetis-2.9.0\project files\lib\portaudio\build\msvc\x64\release\pa_asio.obj
d:\onedrive\documents\software\anan\g7klj thetis\new_klj_wales\thetis-2.9.0\project files\lib\portaudio\build\msvc\x64\release\asiolist.obj
d:\onedrive\documents\software\anan\g7klj thetis\new_klj_wales\thetis-2.9.0\project files\lib\portaudio\build\msvc\x64\release\asiodrivers.obj
d:\onedrive\documents\software\anan\g7klj thetis\new_klj_wales\thetis-2.9.0\project files\lib\portaudio\build\msvc\x64\release\asio.obj
d:\onedrive\documents\software\anan\g7klj thetis\new_klj_wales\thetis-2.9.0\project files\source\build\x64\release\portaudioforcoolsdr.dll
d:\onedrive\documents\software\anan\g7klj thetis\new_klj_wales\thetis-2.9.0\project files\lib\portaudio\build\msvc\x64\release\portaudio_x64.pdb
d:\onedrive\documents\software\anan\g7klj thetis\new_klj_wales\thetis-2.9.0\project files\source\build\x64\release\portaudioforcoolsdr.lib
d:\onedrive\documents\software\anan\g7klj thetis\new_klj_wales\thetis-2.9.0\project files\source\build\x64\release\portaudioforcoolsdr.exp
d:\onedrive\documents\software\anan\g7klj thetis\new_klj_wales\thetis-2.9.0\project files\source\build\x64\release\portaudioforcoolsdr.iobj
d:\onedrive\documents\software\anan\g7klj thetis\new_klj_wales\thetis-2.9.0\project files\source\build\x64\release\portaudio.res
d:\onedrive\documents\software\anan\g7klj thetis\new_klj_wales\thetis-2.9.0\project files\source\\build\x64\release\portaudio.vcxproj.filelistabsolute.txt
d:\onedrive\documents\software\anan\g7klj thetis\new_klj_wales\thetis-2.9.0\project files\source\build\x64\release\portaudi.0a18a071.tlog\cl.command.1.tlog
d:\onedrive\documents\software\anan\g7klj thetis\new_klj_wales\thetis-2.9.0\project files\source\build\x64\release\portaudi.0a18a071.tlog\cl.read.1.tlog
d:\onedrive\documents\software\anan\g7klj thetis\new_klj_wales\thetis-2.9.0\project files\source\build\x64\release\portaudi.0a18a071.tlog\cl.write.1.tlog
d:\onedrive\documents\software\anan\g7klj thetis\new_klj_wales\thetis-2.9.0\project files\source\build\x64\release\portaudi.0a18a071.tlog\link.command.1.tlog
d:\onedrive\documents\software\anan\g7klj thetis\new_klj_wales\thetis-2.9.0\project files\source\build\x64\release\portaudi.0a18a071.tlog\link.read.1.tlog
d:\onedrive\documents\software\anan\g7klj thetis\new_klj_wales\thetis-2.9.0\project files\source\build\x64\release\portaudi.0a18a071.tlog\link.write.1.tlog
d:\onedrive\documents\software\anan\g7klj thetis\new_klj_wales\thetis-2.9.0\project files\source\build\x64\release\portaudi.0a18a071.tlog\link.write.2u.tlog
d:\onedrive\documents\software\anan\g7klj thetis\new_klj_wales\thetis-2.9.0\project files\source\build\x64\release\portaudi.0a18a071.tlog\rc.command.1.tlog
d:\onedrive\documents\software\anan\g7klj thetis\new_klj_wales\thetis-2.9.0\project files\source\build\x64\release\portaudi.0a18a071.tlog\rc.read.1.tlog
d:\onedrive\documents\software\anan\g7klj thetis\new_klj_wales\thetis-2.9.0\project files\source\build\x64\release\portaudi.0a18a071.tlog\rc.write.1.tlog
