  pa_allocation.c
  pa_converters.c
  pa_cpuload.c
  pa_debugprint.c
  pa_dither.c
  pa_front.c
  pa_process.c
  pa_ringbuffer.c
  pa_stream.c
  pa_trace.c
  pa_win_ds.c
  pa_win_ds_dynlink.c
  pa_hostapi_skeleton.c
  pa_win_wasapi.c
  pa_win_wdmks.c
  pa_win_wmme.c
  pa_win_coinitialize.c
  pa_win_hostapis.c
  pa_win_util.c
  pa_win_waveformat.c
  Compiling...
  pa_win_wdmks_utils.c
  pa_x86_plain_converters.c
  asio.cpp
  asiodrivers.cpp
  asiolist.cpp
  pa_asio.cpp
     Creating library D:\OneDrive\Documents\Software\ANAN\G7KLJ THETIS\NEW_KLJ_WALES\Thetis-2.9.0\Project Files\Source\\build\x64\Release\PortAudioForCoolSDR.lib and object D:\OneDrive\Documents\Software\ANAN\G7KLJ THETIS\NEW_KLJ_WALES\Thetis-2.9.0\Project Files\Source\\build\x64\Release\PortAudioForCoolSDR.exp
  Generating code
  Finished generating code
  portaudio.vcxproj -> D:\OneDrive\Documents\Software\ANAN\G7KLJ THETIS\NEW_KLJ_WALES\Thetis-2.9.0\Project Files\Source\build\x64\Release\PortAudioForCoolSDR.dll
  Copying PortaudioforThetis to working Directory
          1 file(s) copied.
