u:\wales\thetis-2.9.0\project files\lib\portaudio\msvc\win32\release\vc143.pdb
u:\wales\thetis-2.9.0\project files\lib\portaudio\msvc\win32\release\pa_win_waveformat.obj
u:\wales\thetis-2.9.0\project files\lib\portaudio\msvc\win32\release\pa_win_util.obj
u:\wales\thetis-2.9.0\project files\lib\portaudio\msvc\win32\release\pa_win_hostapis.obj
u:\wales\thetis-2.9.0\project files\lib\portaudio\msvc\win32\release\pa_win_coinitialize.obj
u:\wales\thetis-2.9.0\project files\lib\portaudio\msvc\win32\release\pa_win_wmme.obj
u:\wales\thetis-2.9.0\project files\lib\portaudio\msvc\win32\release\pa_win_wdmks.obj
u:\wales\thetis-2.9.0\project files\lib\portaudio\msvc\win32\release\pa_win_wasapi.obj
u:\wales\thetis-2.9.0\project files\lib\portaudio\msvc\win32\release\pa_hostapi_skeleton.obj
u:\wales\thetis-2.9.0\project files\lib\portaudio\msvc\win32\release\pa_win_ds_dynlink.obj
u:\wales\thetis-2.9.0\project files\lib\portaudio\msvc\win32\release\pa_win_ds.obj
u:\wales\thetis-2.9.0\project files\lib\portaudio\msvc\win32\release\pa_trace.obj
u:\wales\thetis-2.9.0\project files\lib\portaudio\msvc\win32\release\pa_stream.obj
u:\wales\thetis-2.9.0\project files\lib\portaudio\msvc\win32\release\pa_ringbuffer.obj
u:\wales\thetis-2.9.0\project files\lib\portaudio\msvc\win32\release\pa_process.obj
u:\wales\thetis-2.9.0\project files\lib\portaudio\msvc\win32\release\pa_front.obj
u:\wales\thetis-2.9.0\project files\lib\portaudio\msvc\win32\release\pa_dither.obj
u:\wales\thetis-2.9.0\project files\lib\portaudio\msvc\win32\release\pa_debugprint.obj
u:\wales\thetis-2.9.0\project files\lib\portaudio\msvc\win32\release\pa_cpuload.obj
u:\wales\thetis-2.9.0\project files\lib\portaudio\msvc\win32\release\pa_converters.obj
u:\wales\thetis-2.9.0\project files\lib\portaudio\msvc\win32\release\pa_allocation.obj
u:\wales\thetis-2.9.0\project files\lib\portaudio\msvc\win32\release\pa_x86_plain_converters.obj
u:\wales\thetis-2.9.0\project files\lib\portaudio\msvc\win32\release\pa_win_wdmks_utils.obj
u:\wales\thetis-2.9.0\project files\lib\portaudio\msvc\win32\release\pa_asio.obj
u:\wales\thetis-2.9.0\project files\lib\portaudio\msvc\win32\release\asiolist.obj
u:\wales\thetis-2.9.0\project files\lib\portaudio\msvc\win32\release\asiodrivers.obj
u:\wales\thetis-2.9.0\project files\lib\portaudio\msvc\win32\release\asio.obj
u:\wales\thetis-2.9.0\project files\bin\x86\release\portaudio.lib
u:\wales\thetis-2.9.0\project files\bin\x86\release\portaudio.exp
u:\wales\thetis-2.9.0\project files\bin\x86\release\portaudio.dll
u:\wales\thetis-2.9.0\project files\lib\portaudio\msvc\win32\release\portaudio_x86.pdb
u:\wales\thetis-2.9.0\project files\lib\portaudio\msvc\win32\release\portaudio.tlog\cl.command.1.tlog
u:\wales\thetis-2.9.0\project files\lib\portaudio\msvc\win32\release\portaudio.tlog\cl.read.1.tlog
u:\wales\thetis-2.9.0\project files\lib\portaudio\msvc\win32\release\portaudio.tlog\cl.write.1.tlog
u:\wales\thetis-2.9.0\project files\lib\portaudio\msvc\win32\release\portaudio.tlog\link.command.1.tlog
u:\wales\thetis-2.9.0\project files\lib\portaudio\msvc\win32\release\portaudio.tlog\link.read.1.tlog
u:\wales\thetis-2.9.0\project files\lib\portaudio\msvc\win32\release\portaudio.tlog\link.write.1.tlog
u:\wales\thetis-2.9.0\project files\lib\portaudio\msvc\win32\release\portaudio.tlog\link.write.2u.tlog
