  pa_allocation.c
  pa_converters.c
  pa_cpuload.c
  pa_debugprint.c
  pa_dither.c
  pa_front.c
  pa_process.c
  pa_ringbuffer.c
  pa_stream.c
  pa_trace.c
  pa_win_ds.c
  pa_win_ds_dynlink.c
  pa_hostapi_skeleton.c
  pa_win_wasapi.c
  pa_win_wdmks.c
  pa_win_wmme.c
  pa_win_coinitialize.c
  pa_win_hostapis.c
  pa_win_util.c
  pa_win_waveformat.c
  Generating Code...
  Compiling...
  pa_win_wdmks_utils.c
  pa_x86_plain_converters.c
  Generating Code...
  asio.cpp
  asiodrivers.cpp
  asiolist.cpp
C:\Users\Richie\Documents\Coding\Thetis\Project Files\lib\portaudio-19.7.0\src\hostapi\asio\ASIOSDK\host\pc\asiolist.cpp(24,31): warning C4267: 'argument': conversion from 'size_t' to 'DWORD', possible loss of data
C:\Users\Richie\Documents\Coding\Thetis\Project Files\lib\portaudio-19.7.0\src\hostapi\asio\ASIOSDK\host\pc\asiolist.cpp(31,33): warning C4267: 'argument': conversion from 'size_t' to 'DWORD', possible loss of data
  pa_asio.cpp
  Generating Code...
C:\Program Files\Microsoft Visual Studio\2022\Community\MSBuild\Microsoft\VC\v170\Microsoft.CppBuild.targets(1389,5): warning MSB8012: TargetPath(C:\Users\Richie\Documents\Coding\Thetis\Project Files\lib\portaudio-19.7.0\build\msvc\x64\Release\portaudio.dll) does not match the Linker's OutputFile property value (C:\Users\Richie\Documents\Coding\Thetis\Project Files\bin\Release\portaudio_x64.dll). This may cause your project to build incorrectly. To correct this, please make sure that $(OutDir), $(TargetName) and $(TargetExt) property values match the value specified in %(Link.OutputFile).
C:\Program Files\Microsoft Visual Studio\2022\Community\MSBuild\Microsoft\VC\v170\Microsoft.CppBuild.targets(1391,5): warning MSB8012: TargetName(portaudio) does not match the Linker's OutputFile property value (portaudio_x64). This may cause your project to build incorrectly. To correct this, please make sure that $(OutDir), $(TargetName) and $(TargetExt) property values match the value specified in %(Link.OutputFile).
     Creating library x64\Release/portaudio_x64.lib and object x64\Release/portaudio_x64.exp
  portaudio.vcxproj -> C:\Users\Richie\Documents\Coding\Thetis\Project Files\lib\portaudio-19.7.0\build\msvc\x64\Release\portaudio.dll
