u:\wales\thetis-2.9.0\project files\lib\portaudio\build\msvc\x64\debug\vc143.pdb
u:\wales\thetis-2.9.0\project files\lib\portaudio\build\msvc\x64\debug\vc143.idb
u:\wales\thetis-2.9.0\project files\lib\portaudio\build\msvc\x64\debug\pa_win_waveformat.obj
u:\wales\thetis-2.9.0\project files\lib\portaudio\build\msvc\x64\debug\pa_win_util.obj
u:\wales\thetis-2.9.0\project files\lib\portaudio\build\msvc\x64\debug\pa_win_hostapis.obj
u:\wales\thetis-2.9.0\project files\lib\portaudio\build\msvc\x64\debug\pa_win_coinitialize.obj
u:\wales\thetis-2.9.0\project files\lib\portaudio\build\msvc\x64\debug\pa_win_wmme.obj
u:\wales\thetis-2.9.0\project files\lib\portaudio\build\msvc\x64\debug\pa_win_wdmks.obj
u:\wales\thetis-2.9.0\project files\lib\portaudio\build\msvc\x64\debug\pa_win_wasapi.obj
u:\wales\thetis-2.9.0\project files\lib\portaudio\build\msvc\x64\debug\pa_hostapi_skeleton.obj
u:\wales\thetis-2.9.0\project files\lib\portaudio\build\msvc\x64\debug\pa_win_ds_dynlink.obj
u:\wales\thetis-2.9.0\project files\lib\portaudio\build\msvc\x64\debug\pa_win_ds.obj
u:\wales\thetis-2.9.0\project files\lib\portaudio\build\msvc\x64\debug\pa_trace.obj
u:\wales\thetis-2.9.0\project files\lib\portaudio\build\msvc\x64\debug\pa_stream.obj
u:\wales\thetis-2.9.0\project files\lib\portaudio\build\msvc\x64\debug\pa_ringbuffer.obj
u:\wales\thetis-2.9.0\project files\lib\portaudio\build\msvc\x64\debug\pa_process.obj
u:\wales\thetis-2.9.0\project files\lib\portaudio\build\msvc\x64\debug\pa_front.obj
u:\wales\thetis-2.9.0\project files\lib\portaudio\build\msvc\x64\debug\pa_dither.obj
u:\wales\thetis-2.9.0\project files\lib\portaudio\build\msvc\x64\debug\pa_debugprint.obj
u:\wales\thetis-2.9.0\project files\lib\portaudio\build\msvc\x64\debug\pa_cpuload.obj
u:\wales\thetis-2.9.0\project files\lib\portaudio\build\msvc\x64\debug\pa_converters.obj
u:\wales\thetis-2.9.0\project files\lib\portaudio\build\msvc\x64\debug\pa_allocation.obj
u:\wales\thetis-2.9.0\project files\lib\portaudio\build\msvc\x64\debug\pa_x86_plain_converters.obj
u:\wales\thetis-2.9.0\project files\lib\portaudio\build\msvc\x64\debug\pa_win_wdmks_utils.obj
u:\wales\thetis-2.9.0\project files\lib\portaudio\build\msvc\x64\debug\pa_asio.obj
u:\wales\thetis-2.9.0\project files\lib\portaudio\build\msvc\x64\debug\asiolist.obj
u:\wales\thetis-2.9.0\project files\lib\portaudio\build\msvc\x64\debug\asiodrivers.obj
u:\wales\thetis-2.9.0\project files\lib\portaudio\build\msvc\x64\debug\asio.obj
u:\wales\thetis-2.9.0\project files\source\build\x64\debug\portaudioforcoolsdr.lib
u:\wales\thetis-2.9.0\project files\source\build\x64\debug\portaudioforcoolsdr.exp
u:\wales\thetis-2.9.0\project files\source\build\x64\debug\portaudioforcoolsdr.ilk
u:\wales\thetis-2.9.0\project files\source\build\x64\debug\portaudioforcoolsdr.dll
u:\wales\thetis-2.9.0\project files\source\build\x64\debug\portaudioforcoolsdr.pdb
d:\onedrive\documents\software\anan\g7klj thetis\new_klj_wales\thetis-2.9.0\project files\source\build\x64\debug\portaudioforcoolsdr.lib
d:\onedrive\documents\software\anan\g7klj thetis\new_klj_wales\thetis-2.9.0\project files\source\build\x64\debug\portaudioforcoolsdr.exp
u:\wales\thetis-2.9.0\project files\source\build\x64\debug\portaudio.res
u:\wales\thetis-2.9.0\project files\source\\build\x64\debug\portaudioforcoolsdr.pdb
u:\wales\thetis-2.9.0\project files\source\\build\x64\debug\portaudioforcoolsdr.ilk
u:\wales\thetis-2.9.0\project files\source\\build\x64\debug\portaudio.vcxproj.filelistabsolute.txt
u:\wales\thetis-2.9.0\project files\source\build\x64\debug\portaudi.0a18a071.tlog\cl.command.1.tlog
u:\wales\thetis-2.9.0\project files\source\build\x64\debug\portaudi.0a18a071.tlog\cl.read.1.tlog
u:\wales\thetis-2.9.0\project files\source\build\x64\debug\portaudi.0a18a071.tlog\cl.write.1.tlog
u:\wales\thetis-2.9.0\project files\source\build\x64\debug\portaudi.0a18a071.tlog\link.command.1.tlog
u:\wales\thetis-2.9.0\project files\source\build\x64\debug\portaudi.0a18a071.tlog\link.read.1.tlog
u:\wales\thetis-2.9.0\project files\source\build\x64\debug\portaudi.0a18a071.tlog\link.write.1.tlog
u:\wales\thetis-2.9.0\project files\source\build\x64\debug\portaudi.0a18a071.tlog\link.write.2u.tlog
u:\wales\thetis-2.9.0\project files\source\build\x64\debug\portaudi.0a18a071.tlog\rc.command.1.tlog
u:\wales\thetis-2.9.0\project files\source\build\x64\debug\portaudi.0a18a071.tlog\rc.read.1.tlog
u:\wales\thetis-2.9.0\project files\source\build\x64\debug\portaudi.0a18a071.tlog\rc.write.1.tlog
