  pa_allocation.c
  pa_converters.c
  pa_cpuload.c
  pa_front.c
  pa_process.c
  pa_stream.c
  pa_trace.c
  pa_win_ds.c
  pa_hostapi_skeleton.c
  pa_win_wasapi.c
  pa_win_wdmks.c
  pa_win_wmme.c
  pa_win_coinitialize.c
  pa_win_hostapis.c
  pa_win_util.c
  pa_win_waveformat.c
  pa_win_wdmks_utils.c
  pa_x86_plain_converters.c
  Generating Code...
  pa_asio.cpp
  portaudio.vcxproj -> U:\Wales\Thetis-2.9.0\Project Files\Source\build\x64\Debug\PortAudioForCoolSDR.dll
  Copying PortaudioforThetis to working Directory
          1 file(s) copied.
