u:\hamcode\coolsdr\powersdr-thetis-g7klj\project files\lib\portaudio\msvc\x64\release\vc143.pdb
u:\hamcode\coolsdr\powersdr-thetis-g7klj\project files\lib\portaudio\msvc\x64\release\pa_win_waveformat.obj
u:\hamcode\coolsdr\powersdr-thetis-g7klj\project files\lib\portaudio\msvc\x64\release\pa_win_util.obj
u:\hamcode\coolsdr\powersdr-thetis-g7klj\project files\lib\portaudio\msvc\x64\release\pa_win_hostapis.obj
u:\hamcode\coolsdr\powersdr-thetis-g7klj\project files\lib\portaudio\msvc\x64\release\pa_win_coinitialize.obj
u:\hamcode\coolsdr\powersdr-thetis-g7klj\project files\lib\portaudio\msvc\x64\release\pa_win_wmme.obj
u:\hamcode\coolsdr\powersdr-thetis-g7klj\project files\lib\portaudio\msvc\x64\release\pa_win_wdmks.obj
u:\hamcode\coolsdr\powersdr-thetis-g7klj\project files\lib\portaudio\msvc\x64\release\pa_win_wasapi.obj
u:\hamcode\coolsdr\powersdr-thetis-g7klj\project files\lib\portaudio\msvc\x64\release\pa_hostapi_skeleton.obj
u:\hamcode\coolsdr\powersdr-thetis-g7klj\project files\lib\portaudio\msvc\x64\release\pa_win_ds_dynlink.obj
u:\hamcode\coolsdr\powersdr-thetis-g7klj\project files\lib\portaudio\msvc\x64\release\pa_win_ds.obj
u:\hamcode\coolsdr\powersdr-thetis-g7klj\project files\lib\portaudio\msvc\x64\release\pa_trace.obj
u:\hamcode\coolsdr\powersdr-thetis-g7klj\project files\lib\portaudio\msvc\x64\release\pa_stream.obj
u:\hamcode\coolsdr\powersdr-thetis-g7klj\project files\lib\portaudio\msvc\x64\release\pa_ringbuffer.obj
u:\hamcode\coolsdr\powersdr-thetis-g7klj\project files\lib\portaudio\msvc\x64\release\pa_process.obj
u:\hamcode\coolsdr\powersdr-thetis-g7klj\project files\lib\portaudio\msvc\x64\release\pa_front.obj
u:\hamcode\coolsdr\powersdr-thetis-g7klj\project files\lib\portaudio\msvc\x64\release\pa_dither.obj
u:\hamcode\coolsdr\powersdr-thetis-g7klj\project files\lib\portaudio\msvc\x64\release\pa_debugprint.obj
u:\hamcode\coolsdr\powersdr-thetis-g7klj\project files\lib\portaudio\msvc\x64\release\pa_cpuload.obj
u:\hamcode\coolsdr\powersdr-thetis-g7klj\project files\lib\portaudio\msvc\x64\release\pa_converters.obj
u:\hamcode\coolsdr\powersdr-thetis-g7klj\project files\lib\portaudio\msvc\x64\release\pa_allocation.obj
u:\hamcode\coolsdr\powersdr-thetis-g7klj\project files\lib\portaudio\msvc\x64\release\pa_x86_plain_converters.obj
u:\hamcode\coolsdr\powersdr-thetis-g7klj\project files\lib\portaudio\msvc\x64\release\pa_win_wdmks_utils.obj
u:\hamcode\coolsdr\powersdr-thetis-g7klj\project files\lib\portaudio\msvc\x64\release\pa_asio.obj
u:\hamcode\coolsdr\powersdr-thetis-g7klj\project files\lib\portaudio\msvc\x64\release\asiolist.obj
u:\hamcode\coolsdr\powersdr-thetis-g7klj\project files\lib\portaudio\msvc\x64\release\asiodrivers.obj
u:\hamcode\coolsdr\powersdr-thetis-g7klj\project files\lib\portaudio\msvc\x64\release\asio.obj
u:\hamcode\coolsdr\powersdr-thetis-g7klj\project files\lib\portaudio\msvc\x64\release\portaudioforcoolsdr.dll
u:\hamcode\coolsdr\powersdr-thetis-g7klj\project files\bin\release\portaudioforcoolsdr.pdb
u:\hamcode\coolsdr\powersdr-thetis-g7klj\project files\lib\portaudio\msvc\x64\release\portaudioforcoolsdr.lib
u:\hamcode\coolsdr\powersdr-thetis-g7klj\project files\lib\portaudio\msvc\x64\release\portaudioforcoolsdr.exp
u:\hamcode\coolsdr\powersdr-thetis-g7klj\project files\lib\portaudio\msvc\x64\release\portaudi.0a18a071.tlog\cl.command.1.tlog
u:\hamcode\coolsdr\powersdr-thetis-g7klj\project files\lib\portaudio\msvc\x64\release\portaudi.0a18a071.tlog\cl.read.1.tlog
u:\hamcode\coolsdr\powersdr-thetis-g7klj\project files\lib\portaudio\msvc\x64\release\portaudi.0a18a071.tlog\cl.write.1.tlog
u:\hamcode\coolsdr\powersdr-thetis-g7klj\project files\lib\portaudio\msvc\x64\release\portaudi.0a18a071.tlog\link.command.1.tlog
u:\hamcode\coolsdr\powersdr-thetis-g7klj\project files\lib\portaudio\msvc\x64\release\portaudi.0a18a071.tlog\link.read.1.tlog
u:\hamcode\coolsdr\powersdr-thetis-g7klj\project files\lib\portaudio\msvc\x64\release\portaudi.0a18a071.tlog\link.write.1.tlog
u:\hamcode\coolsdr\powersdr-thetis-g7klj\project files\lib\portaudio\msvc\x64\release\portaudi.0a18a071.tlog\link.write.2u.tlog
