  pa_allocation.c
  pa_converters.c
  pa_cpuload.c
  pa_debugprint.c
  pa_dither.c
  pa_front.c
  pa_process.c
  pa_ringbuffer.c
  pa_stream.c
  pa_trace.c
  pa_win_ds.c
  pa_win_ds_dynlink.c
  pa_hostapi_skeleton.c
  pa_win_wasapi.c
  pa_win_wdmks.c
  pa_win_wmme.c
  pa_win_coinitialize.c
  pa_win_hostapis.c
  pa_win_util.c
  pa_win_waveformat.c
  Compiling...
  pa_win_wdmks_utils.c
  pa_x86_plain_converters.c
  asio.cpp
  asiodrivers.cpp
  asiolist.cpp
  pa_asio.cpp
     Creating library U:\Wales\Thetis-2.9.0\Project Files\Source\..\bin\x64\Release\portaudio.lib and object U:\Wales\Thetis-2.9.0\Project Files\Source\..\bin\x64\Release\portaudio.exp
  Generating code
  Finished generating code
  portaudio.vcxproj -> U:\Wales\Thetis-2.9.0\Project Files\bin\x64\Release\portaudio.dll
