  pa_allocation.c
  pa_converters.c
C:\Users\Richie\Documents\Coding\Thetis\Project Files\lib\portaudio-19.7.0\src\common\pa_converters.c(381,17): warning C4244: '=': conversion from 'double' to 'float', possible loss of data
C:\Users\Richie\Documents\Coding\Thetis\Project Files\lib\portaudio-19.7.0\src\common\pa_converters.c(490,46): warning C4244: 'initializing': conversion from 'double' to 'float', possible loss of data
C:\Users\Richie\Documents\Coding\Thetis\Project Files\lib\portaudio-19.7.0\src\common\pa_converters.c(545,46): warning C4244: 'initializing': conversion from 'double' to 'float', possible loss of data
  pa_cpuload.c
  pa_debugprint.c
  pa_dither.c
  pa_front.c
  pa_process.c
  pa_ringbuffer.c
  pa_stream.c
  pa_trace.c
  pa_win_ds.c
  pa_win_ds_dynlink.c
  pa_hostapi_skeleton.c
  pa_win_wasapi.c
  pa_win_wdmks.c
  pa_win_wmme.c
  pa_win_coinitialize.c
  pa_win_hostapis.c
  pa_win_util.c
  pa_win_waveformat.c
  Generating Code...
  Compiling...
  pa_win_wdmks_utils.c
  pa_x86_plain_converters.c
  Generating Code...
  asio.cpp
  asiodrivers.cpp
  asiolist.cpp
  pa_asio.cpp
  Generating Code...
  PA19.cpp
C:\Program Files\Microsoft Visual Studio\2022\Community\MSBuild\Microsoft\VC\v170\Microsoft.CppBuild.targets(1389,5): warning MSB8012: TargetPath(C:\Users\Richie\Documents\Coding\Thetis\Project Files\lib\portaudio-19.7.0\build\msvc\Win32\Release\portaudio.dll) does not match the Linker's OutputFile property value (C:\Users\Richie\Documents\Coding\Thetis\Project Files\lib\portaudio-19.7.0\build\msvc\Win32\Release\portaudio_x86.dll). This may cause your project to build incorrectly. To correct this, please make sure that $(OutDir), $(TargetName) and $(TargetExt) property values match the value specified in %(Link.OutputFile).
C:\Program Files\Microsoft Visual Studio\2022\Community\MSBuild\Microsoft\VC\v170\Microsoft.CppBuild.targets(1391,5): warning MSB8012: TargetName(portaudio) does not match the Linker's OutputFile property value (portaudio_x86). This may cause your project to build incorrectly. To correct this, please make sure that $(OutDir), $(TargetName) and $(TargetExt) property values match the value specified in %(Link.OutputFile).
     Creating library Win32\Release\portaudio_x86.lib and object Win32\Release\portaudio_x86.exp
  portaudio.vcxproj -> C:\Users\Richie\Documents\Coding\Thetis\Project Files\lib\portaudio-19.7.0\build\msvc\Win32\Release\portaudio.dll
